#
# There is insufficient memory for the Java Runtime Environment to continue.
# Native memory allocation (mmap) failed to map 125829120 bytes. Error detail: G1 virtual space
# Possible reasons:
#   The system is out of physical RAM or swap space
#   This process is running with CompressedOops enabled, and the Java Heap may be blocking the growth of the native heap
# Possible solutions:
#   Reduce memory load on the system
#   Increase physical memory or swap space
#   Check if swap backing store is full
#   Decrease Java heap size (-Xmx/-Xms)
#   Decrease number of Java threads
#   Decrease Java thread stack sizes (-Xss)
#   Set larger code cache with -XX:ReservedCodeCacheSize=
#   JVM is running with Unscaled Compressed Oops mode in which the Java heap is
#     placed in the first 4GB address space. The Java Heap base address is the
#     maximum limit for the native heap growth. Please use -XX:HeapBaseMinAddress
#     to set the Java Heap base and to place the Java Heap above 4GB virtual address.
# This output file may be truncated or incomplete.
#
#  Out of Memory Error (os_windows.cpp:3825), pid=45624, tid=47884
#
# JRE version:  (17.0.11) (build )
# Java VM: OpenJDK 64-Bit Server VM (17.0.11+0--11852314, mixed mode, sharing, tiered, compressed oops, compressed class ptrs, g1 gc, windows-amd64)
# No core dump will be written. Minidumps are not enabled by default on client versions of Windows
#

---------------  S U M M A R Y ------------

Command Line: 

Host: AMD Ryzen 7 5825U with Radeon Graphics         , 16 cores, 7G,  Windows 11 , 64 bit Build 22621 (10.0.22621.3958)
Time: Tue Dec 10 19:53:47 2024 SE Asia Standard Time elapsed time: 0.017414 seconds (0d 0h 0m 0s)

---------------  T H R E A D  ---------------

Current thread (0x00000191e84dd7d0):  JavaThread "Unknown thread" [_thread_in_vm, id=47884, stack(0x0000008204400000,0x0000008204500000)]

Stack: [0x0000008204400000,0x0000008204500000]
Native frames: (J=compiled Java code, j=interpreted, Vv=VM code, C=native code)
V  [jvm.dll+0x687bb9]
V  [jvm.dll+0x84142a]
V  [jvm.dll+0x8430ae]
V  [jvm.dll+0x843713]
V  [jvm.dll+0x24a35f]
V  [jvm.dll+0x684989]
V  [jvm.dll+0x67923a]
V  [jvm.dll+0x30af0b]
V  [jvm.dll+0x3123b6]
V  [jvm.dll+0x361dfe]
V  [jvm.dll+0x36202f]
V  [jvm.dll+0x2e0d38]
V  [jvm.dll+0x2e1ca4]
V  [jvm.dll+0x811f21]
V  [jvm.dll+0x36fb68]
V  [jvm.dll+0x7f0896]
V  [jvm.dll+0x3f3d2f]
V  [jvm.dll+0x3f58e1]
C  [jli.dll+0x528f]
C  [ucrtbase.dll+0x29333]
C  [KERNEL32.DLL+0x1257d]
C  [ntdll.dll+0x5af08]


---------------  P R O C E S S  ---------------

Threads class SMR info:
_java_thread_list=0x00007ffa5c3defd8, length=0, elements={
}

Java Threads: ( => current thread )

Other Threads:
  0x00000191e87d51b0 GCTaskThread "GC Thread#0" [stack: 0x0000008204500000,0x0000008204600000] [id=21520]
  0x00000191e87e4d80 ConcurrentGCThread "G1 Main Marker" [stack: 0x0000008204600000,0x0000008204700000] [id=55716]
  0x00000191e87e5f40 ConcurrentGCThread "G1 Conc#0" [stack: 0x0000008204700000,0x0000008204800000] [id=52040]

[error occurred during error reporting (printing all threads), id 0xc0000005, EXCEPTION_ACCESS_VIOLATION (0xc0000005) at pc=0x00007ffa5bb91907]

VM state: not at safepoint (not fully initialized)

VM Mutex/Monitor currently owned by a thread:  ([mutex/lock_event])
[0x00000191e877e7d0] Heap_lock - owner thread: 0x00000191e84dd7d0

Heap address: 0x0000000089c00000, size: 1892 MB, Compressed Oops mode: 32-bit

CDS archive(s) mapped at: [0x0000000000000000-0x0000000000000000-0x0000000000000000), size 0, SharedBaseAddress: 0x0000000800000000, ArchiveRelocationMode: 1.
Narrow klass base: 0x0000000000000000, Narrow klass shift: 0, Narrow klass range: 0x0

GC Precious Log:
<Empty>

Heap:
 garbage-first heap   total 0K, used 0K [0x0000000089c00000, 0x0000000100000000)
  region size 1024K, 0 young (0K), 0 survivors (0K)
 Metaspace       used 0K, committed 0K, reserved 0K
  class space    used 0K, committed 0K, reserved 0K

Heap Regions: E=young(eden), S=young(survivor), O=old, HS=humongous(starts), HC=humongous(continues), CS=collection set, F=free, OA=open archive, CA=closed archive, TAMS=top-at-mark-start (previous, next)

Card table byte_map: [0x00000191fd7a0000,0x00000191fdb60000] _byte_map_base: 0x00000191fd352000

Marking Bits (Prev, Next): (CMBitMap*) 0x00000191e87d57d0, (CMBitMap*) 0x00000191e87d5810
 Prev Bits: [0x00000191fdf20000, 0x00000191ffcb0000)
 Next Bits: [0x0000019180000000, 0x0000019181d90000)

GC Heap History (0 events):
No events

Dll operation events (1 events):
Event: 0.011 Loaded shared library C:\Program Files\Android\Android Studio\jbr\bin\java.dll

Deoptimization events (0 events):
No events

Classes unloaded (0 events):
No events

Classes redefined (0 events):
No events

Internal exceptions (0 events):
No events

VM Operations (0 events):
No events

Events (0 events):
No events


Dynamic libraries:
0x00007ff67b390000 - 0x00007ff67b39a000 	C:\Program Files\Android\Android Studio\jbr\bin\java.EXE
0x00007ffb2ae90000 - 0x00007ffb2b0a7000 	C:\WINDOWS\SYSTEM32\ntdll.dll
0x00007ffb29bf0000 - 0x00007ffb29cb4000 	C:\WINDOWS\System32\KERNEL32.DLL
0x00007ffb28550000 - 0x00007ffb28907000 	C:\WINDOWS\System32\KERNELBASE.dll
0x00007ffb28220000 - 0x00007ffb28331000 	C:\WINDOWS\System32\ucrtbase.dll
0x00007ffb117f0000 - 0x00007ffb11807000 	C:\Program Files\Android\Android Studio\jbr\bin\jli.dll
0x00007ffb15f60000 - 0x00007ffb15f7b000 	C:\Program Files\Android\Android Studio\jbr\bin\VCRUNTIME140.dll
0x00007ffb28cb0000 - 0x00007ffb28e5f000 	C:\WINDOWS\System32\USER32.dll
0x00007ffb28b90000 - 0x00007ffb28bb6000 	C:\WINDOWS\System32\win32u.dll
0x00007ffb08290000 - 0x00007ffb08523000 	C:\WINDOWS\WinSxS\amd64_microsoft.windows.common-controls_6595b64144ccf1df_6.0.22621.3672_none_2713b9d173822955\COMCTL32.dll
0x00007ffb2a230000 - 0x00007ffb2a259000 	C:\WINDOWS\System32\GDI32.dll
0x00007ffb28bd0000 - 0x00007ffb28c77000 	C:\WINDOWS\System32\msvcrt.dll
0x00007ffb28a00000 - 0x00007ffb28b18000 	C:\WINDOWS\System32\gdi32full.dll
0x00007ffb28340000 - 0x00007ffb283da000 	C:\WINDOWS\System32\msvcp_win.dll
0x00007ffb2a710000 - 0x00007ffb2a741000 	C:\WINDOWS\System32\IMM32.DLL
0x00007ffb24a40000 - 0x00007ffb24a4c000 	C:\Program Files\Android\Android Studio\jbr\bin\vcruntime140_1.dll
0x00007ffac9c50000 - 0x00007ffac9cdd000 	C:\Program Files\Android\Android Studio\jbr\bin\msvcp140.dll
0x00007ffa5b8a0000 - 0x00007ffa5c523000 	C:\Program Files\Android\Android Studio\jbr\bin\server\jvm.dll
0x00007ffb29d50000 - 0x00007ffb29e02000 	C:\WINDOWS\System32\ADVAPI32.dll
0x00007ffb2a020000 - 0x00007ffb2a0c8000 	C:\WINDOWS\System32\sechost.dll
0x00007ffb289d0000 - 0x00007ffb289f8000 	C:\WINDOWS\System32\bcrypt.dll
0x00007ffb28ec0000 - 0x00007ffb28fd4000 	C:\WINDOWS\System32\RPCRT4.dll
0x00007ffb277c0000 - 0x00007ffb2780d000 	C:\WINDOWS\SYSTEM32\POWRPROF.dll
0x00007ffb1e3a0000 - 0x00007ffb1e3aa000 	C:\WINDOWS\SYSTEM32\VERSION.dll
0x00007ffb13d00000 - 0x00007ffb13d09000 	C:\WINDOWS\SYSTEM32\WSOCK32.dll
0x00007ffb23b80000 - 0x00007ffb23bb4000 	C:\WINDOWS\SYSTEM32\WINMM.dll
0x00007ffb2a8c0000 - 0x00007ffb2a931000 	C:\WINDOWS\System32\WS2_32.dll
0x00007ffb27770000 - 0x00007ffb27783000 	C:\WINDOWS\SYSTEM32\UMPDC.dll
0x00007ffb27230000 - 0x00007ffb27248000 	C:\WINDOWS\SYSTEM32\kernel.appcore.dll
0x00007ffb14190000 - 0x00007ffb1419a000 	C:\Program Files\Android\Android Studio\jbr\bin\jimage.dll
0x00007ffb206c0000 - 0x00007ffb208f2000 	C:\WINDOWS\SYSTEM32\DBGHELP.DLL
0x00007ffb2aa40000 - 0x00007ffb2adce000 	C:\WINDOWS\System32\combase.dll
0x00007ffb29b10000 - 0x00007ffb29be7000 	C:\WINDOWS\System32\OLEAUT32.dll
0x00007ffb03c10000 - 0x00007ffb03c42000 	C:\WINDOWS\SYSTEM32\dbgcore.DLL
0x00007ffb281a0000 - 0x00007ffb2821b000 	C:\WINDOWS\System32\bcryptPrimitives.dll
0x00007ffb11220000 - 0x00007ffb11245000 	C:\Program Files\Android\Android Studio\jbr\bin\java.dll

dbghelp: loaded successfully - version: 4.0.5 - missing functions: none
symbol engine: initialized successfully - sym options: 0x614 - pdb path: .;C:\Program Files\Android\Android Studio\jbr\bin;C:\WINDOWS\SYSTEM32;C:\WINDOWS\WinSxS\amd64_microsoft.windows.common-controls_6595b64144ccf1df_6.0.22621.3672_none_2713b9d173822955;C:\Program Files\Android\Android Studio\jbr\bin\server

VM Arguments:
java_command: <unknown>
java_class_path (initial): <not set>
Launcher Type: SUN_STANDARD

[Global flags]
     intx CICompilerCount                          = 12                                        {product} {ergonomic}
     uint ConcGCThreads                            = 3                                         {product} {ergonomic}
     uint G1ConcRefinementThreads                  = 13                                        {product} {ergonomic}
   size_t G1HeapRegionSize                         = 1048576                                   {product} {ergonomic}
    uintx GCDrainStackTargetSize                   = 64                                        {product} {ergonomic}
   size_t InitialHeapSize                          = 125829120                                 {product} {ergonomic}
   size_t MarkStackSize                            = 4194304                                   {product} {ergonomic}
   size_t MaxHeapSize                              = 1983905792                                {product} {ergonomic}
   size_t MinHeapDeltaBytes                        = 1048576                                   {product} {ergonomic}
   size_t MinHeapSize                              = 8388608                                   {product} {ergonomic}
    uintx NonNMethodCodeHeapSize                   = 7602480                                {pd product} {ergonomic}
    uintx NonProfiledCodeHeapSize                  = 122027880                              {pd product} {ergonomic}
    uintx ProfiledCodeHeapSize                     = 122027880                              {pd product} {ergonomic}
    uintx ReservedCodeCacheSize                    = 251658240                              {pd product} {ergonomic}
     bool SegmentedCodeCache                       = true                                      {product} {ergonomic}
   size_t SoftMaxHeapSize                          = 1983905792                             {manageable} {ergonomic}
     bool UseCompressedClassPointers               = true                           {product lp64_product} {ergonomic}
     bool UseCompressedOops                        = true                           {product lp64_product} {ergonomic}
     bool UseG1GC                                  = true                                      {product} {ergonomic}
     bool UseLargePagesIndividualAllocation        = false                                  {pd product} {ergonomic}

Logging:
Log output configuration:
 #0: stdout all=warning uptime,level,tags
 #1: stderr all=off uptime,level,tags

Environment Variables:
PATH=C:\Users\WINDOWS 11\flutter\bin\;C:\Program Files (x86)\Common Files\Intel\Shared Files\cpp\bin\Intel64;C:\Program Files (x86)\Common Files\Intel\Shared Libraries\redist\intel64\compiler;C:\ProgramData\Oracle\Java\javapath;C:\WINDOWS\system32;C:\WINDOWS;C:\WINDOWS\System32\Wbem;C:\WINDOWS\System32\WindowsPowerShell\v1.0\;C:\WINDOWS\System32\OpenSSH\;C:\Program Files\Microsoft SQL Server\Client SDK\ODBC\130\Tools\Binn\;C:\Program Files (x86)\Microsoft SQL Server\140\Tools\Binn\;C:\Program Files\Microsoft SQL Server\140\Tools\Binn\;C:\Program Files\Microsoft SQL Server\140\DTS\Binn\;C:\Program Files\Azure Data Studio\bin;C:\Program Files (x86)\Microsoft SQL Server\160\DTS\Binn\;C:\Program Files\Git\cmd;C:\ProgramData\ComposerSetup\bin;C:\Program Files\Docker\Docker\resources\bin;C:\laragon\bin\php\php-8.1.10-Win32-vs16-x64;C:\Program Files\nodejs\;C:\Program Files\MySQL\MySQL Shell 8.0\bin\;C:\Users\WINDOWS 11\AppData\Local\Microsoft\WindowsApps;C:\Users\WINDOWS 11\AppData\Local\Programs\Microsoft VS Code\bin;C:\Program Files\Java\jdk1.8.0_121\bin;C:\Users\WINDOWS 11\AppData\Local\spicetify;C:\Program Files\Azure Data Studio\bin;C:\Users\WINDOWS 11\AppData\Roaming\Composer\vendor\bin;C:\Users\WINDOWS 11\AppData\Local\GitHubDesktop\bin;C:\laragon\bin\php\php-8.1.10-Win32-vs16-x64;C:\Users\WINDOWS 11\AppData\Roaming\npm;C:\laragon\bin\mysql\mysql-x.x.x-winx64\bin\;C:\Users\WINDOWS 11\flutter\bin;C:\Users\WINDOWS 11\AppData\Local\Android\Sdk\platform-tools;
USERNAME=Athriya Genferin
LANG=en_US.UTF-8
OS=Windows_NT
PROCESSOR_IDENTIFIER=AMD64 Family 25 Model 80 Stepping 0, AuthenticAMD
TMP=C:\Users\WINDOW~1\AppData\Local\Temp
TEMP=C:\Users\WINDOW~1\AppData\Local\Temp



Periodic native trim disabled

JNI global refs:
JNI global refs: 0, weak refs: 0

JNI global refs memory usage: 0, weak refs: 0

Process memory usage:
Resident Set Size: 11740K (0% of 7742692K total physical memory with 322080K free physical memory)

OOME stack traces (most recent first):
Classloader memory used:


---------------  S Y S T E M  ---------------

OS:
 Windows 11 , 64 bit Build 22621 (10.0.22621.3958)
OS uptime: 23 days 22:17 hours
Hyper-V role detected

CPU: total 16 (initial active 16) (16 cores per cpu, 2 threads per core) family 25 model 80 stepping 0 microcode 0x0, cx8, cmov, fxsr, ht, mmx, 3dnowpref, sse, sse2, sse3, ssse3, sse4a, sse4.1, sse4.2, popcnt, lzcnt, tsc, tscinvbit, avx, avx2, aes, erms, clmul, bmi1, bmi2, adx, sha, fma, vzeroupper, clflush, clflushopt, hv
Processor Information for all 16 processors :
  Max Mhz: 2000, Current Mhz: 2000, Mhz Limit: 2000

Memory: 4k page, system-wide physical 7561M (314M free)
TotalPageFile size 27892M (AvailPageFile size 29M)
current process WorkingSet (physical memory assigned to process): 11M, peak: 11M
current process commit charge ("private bytes"): 70M, peak: 190M

vm_info: OpenJDK 64-Bit Server VM (17.0.11+0--11852314) for windows-amd64 JRE (17.0.11+0--11852314), built on May 16 2024 21:29:20 by "androidbuild" with MS VC++ 16.10 / 16.11 (VS2019)

END.
